# JRE version: Java(TM) SE Runtime Environment (8.0_112-b15) (build 1.8.0_112-b15)
# Java VM: Java HotSpot(TM) Client VM (25.112-b15 mixed mode windows-x86 )
Heap:
 def new generation   total 4928K, used 2363K [0x04800000, 0x04d50000, 0x09d50000)
  eden space 4416K,  47% used [0x04800000, 0x04a11708, 0x04c50000)
  from space 512K,  47% used [0x04c50000, 0x04c8d698, 0x04cd0000)
  to   space 512K,   0% used [0x04cd0000, 0x04cd0000, 0x04d50000)
 tenured generation   total 10944K, used 4745K [0x09d50000, 0x0a800000, 0x14800000)
   the space 10944K,  43% used [0x09d50000, 0x0a1f2550, 0x0a1f2600, 0x0a800000)
 Metaspace       used 8634K, capacity 8794K, committed 8960K, reserved 9600K
GC Heap History (10 events):
Event: 2.867 GC heap before
{Heap before GC invocations=9 (full 0):
 def new generation   total 4928K, used 4916K [0x04800000, 0x04d50000, 0x09d50000)
  eden space 4416K, 100% used [0x04800000, 0x04c50000, 0x04c50000)
  from space 512K,  97% used [0x04cd0000, 0x04d4d0d8, 0x04d50000)
  to   space 512K,   0% used [0x04c50000, 0x04c50000, 0x04cd0000)
 tenured generation   total 10944K, used 4575K [0x09d50000, 0x0a800000, 0x14800000)
   the space 10944K,  41% used [0x09d50000, 0x0a1c7f80, 0x0a1c8000, 0x0a800000)
 Metaspace       used 8531K, capacity 8696K, committed 8832K, reserved 9600K
Event: 2.870 GC heap after
Heap after GC invocations=10 (full 0):
 def new generation   total 4928K, used 113K [0x04800000, 0x04d50000, 0x09d50000)
  eden space 4416K,   0% used [0x04800000, 0x04800000, 0x04c50000)
  from space 512K,  22% used [0x04c50000, 0x04c6c608, 0x04cd0000)
  to   space 512K,   0% used [0x04cd0000, 0x04cd0000, 0x04d50000)
 tenured generation   total 10944K, used 4745K [0x09d50000, 0x0a800000, 0x14800000)
   the space 10944K,  43% used [0x09d50000, 0x0a1f2550, 0x0a1f2600, 0x0a800000)
 Metaspace       used 8531K, capacity 8696K, committed 8832K, reserved 9600K
}
Event: 34.254 GC heap before
{Heap before GC invocations=10 (full 0):
 def new generation   total 4928K, used 4529K [0x04800000, 0x04d50000, 0x09d50000)
  eden space 4416K, 100% used [0x04800000, 0x04c50000, 0x04c50000)
  from space 512K,  22% used [0x04c50000, 0x04c6c608, 0x04cd0000)
  to   space 512K,   0% used [0x04cd0000, 0x04cd0000, 0x04d50000)
 tenured generation   total 10944K, used 4745K [0x09d50000, 0x0a800000, 0x14800000)
   the space 10944K,  43% used [0x09d50000, 0x0a1f2550, 0x0a1f2600, 0x0a800000)
 Metaspace       used 8634K, capacity 8794K, committed 8960K, reserved 9600K
Event: 34.259 GC heap after
Heap after GC invocations=11 (full 0):
 def new generation   total 4928K, used 255K [0x04800000, 0x04d50000, 0x09d50000)
  eden space 4416K,   0% used [0x04800000, 0x04800000, 0x04c50000)
  from space 512K,  49% used [0x04cd0000, 0x04d0fc98, 0x04d50000)
  to   space 512K,   0% used [0x04c50000, 0x04c50000, 0x04cd0000)
 tenured generation   total 10944K, used 4745K [0x09d50000, 0x0a800000, 0x14800000)
   the space 10944K,  43% used [0x09d50000, 0x0a1f2550, 0x0a1f2600, 0x0a800000)
 Metaspace       used 8634K, capacity 8794K, committed 8960K, reserved 9600K
}
Event: 60.746 GC heap before
{Heap before GC invocations=11 (full 0):
 def new generation   total 4928K, used 4671K [0x04800000, 0x04d50000, 0x09d50000)
  eden space 4416K, 100% used [0x04800000, 0x04c50000, 0x04c50000)
  from space 512K,  49% used [0x04cd0000, 0x04d0fc98, 0x04d50000)
  to   space 512K,   0% used [0x04c50000, 0x04c50000, 0x04cd0000)
 tenured generation   total 10944K, used 4745K [0x09d50000, 0x0a800000, 0x14800000)
   the space 10944K,  43% used [0x09d50000, 0x0a1f2550, 0x0a1f2600, 0x0a800000)
 Metaspace       used 8634K, capacity 8794K, committed 8960K, reserved 9600K
Event: 60.750 GC heap after
Heap after GC invocations=12 (full 0):
 def new generation   total 4928K, used 189K [0x04800000, 0x04d50000, 0x09d50000)
  eden space 4416K,   0% used [0x04800000, 0x04800000, 0x04c50000)
  from space 512K,  36% used [0x04c50000, 0x04c7f4e0, 0x04cd0000)
  to   space 512K,   0% used [0x04cd0000, 0x04cd0000, 0x04d50000)
 tenured generation   total 10944K, used 4745K [0x09d50000, 0x0a800000, 0x14800000)
   the space 10944K,  43% used [0x09d50000, 0x0a1f2550, 0x0a1f2600, 0x0a800000)
 Metaspace       used 8634K, capacity 8794K, committed 8960K, reserved 9600K
}
Event: 95.827 GC heap before
{Heap before GC invocations=12 (full 0):
 def new generation   total 4928K, used 4605K [0x04800000, 0x04d50000, 0x09d50000)
  eden space 4416K, 100% used [0x04800000, 0x04c50000, 0x04c50000)
  from space 512K,  36% used [0x04c50000, 0x04c7f4e0, 0x04cd0000)
  to   space 512K,   0% used [0x04cd0000, 0x04cd0000, 0x04d50000)
 tenured generation   total 10944K, used 4745K [0x09d50000, 0x0a800000, 0x14800000)
   the space 10944K,  43% used [0x09d50000, 0x0a1f2550, 0x0a1f2600, 0x0a800000)
 Metaspace       used 8634K, capacity 8794K, committed 8960K, reserved 9600K
Event: 95.829 GC heap after
Heap after GC invocations=13 (full 0):
 def new generation   total 4928K, used 224K [0x04800000, 0x04d50000, 0x09d50000)
  eden space 4416K,   0% used [0x04800000, 0x04800000, 0x04c50000)
  from space 512K,  43% used [0x04cd0000, 0x04d08008, 0x04d50000)
  to   space 512K,   0% used [0x04c50000, 0x04c50000, 0x04cd0000)
 tenured generation   total 10944K, used 4745K [0x09d50000, 0x0a800000, 0x14800000)
   the space 10944K,  43% used [0x09d50000, 0x0a1f2550, 0x0a1f2600, 0x0a800000)
 Metaspace       used 8634K, capacity 8794K, committed 8960K, reserved 9600K
}
Event: 135.907 GC heap before
{Heap before GC invocations=13 (full 0):
 def new generation   total 4928K, used 4640K [0x04800000, 0x04d50000, 0x09d50000)
  eden space 4416K, 100% used [0x04800000, 0x04c50000, 0x04c50000)
  from space 512K,  43% used [0x04cd0000, 0x04d08008, 0x04d50000)
  to   space 512K,   0% used [0x04c50000, 0x04c50000, 0x04cd0000)
 tenured generation   total 10944K, used 4745K [0x09d50000, 0x0a800000, 0x14800000)
   the space 10944K,  43% used [0x09d50000, 0x0a1f2550, 0x0a1f2600, 0x0a800000)
 Metaspace       used 8634K, capacity 8794K, committed 8960K, reserved 9600K
Event: 135.911 GC heap after
Heap after GC invocations=14 (full 0):
 def new generation   total 4928K, used 245K [0x04800000, 0x04d50000, 0x09d50000)
  eden space 4416K,   0% used [0x04800000, 0x04800000, 0x04c50000)
  from space 512K,  47% used [0x04c50000, 0x04c8d698, 0x04cd0000)
  to   space 512K,   0% used [0x04cd0000, 0x04cd0000, 0x04d50000)
 tenured generation   total 10944K, used 4745K [0x09d50000, 0x0a800000, 0x14800000)
   the space 10944K,  43% used [0x09d50000, 0x0a1f2550, 0x0a1f2600, 0x0a800000)
 Metaspace       used 8634K, capacity 8794K, committed 8960K, reserved 9600K
}

