# JRE version: Java(TM) SE Runtime Environment (8.0_112-b15) (build 1.8.0_112-b15)
# Java VM: Java HotSpot(TM) Client VM (25.112-b15 mixed mode windows-x86 )
Heap:
 def new generation   total 4928K, used 592K [0x04a00000, 0x04f50000, 0x09f50000)
  eden space 4416K,  12% used [0x04a00000, 0x04a8ba58, 0x04e50000)
  from space 512K,   6% used [0x04ed0000, 0x04ed8938, 0x04f50000)
  to   space 512K,   0% used [0x04e50000, 0x04e50000, 0x04ed0000)
 tenured generation   total 10944K, used 4940K [0x09f50000, 0x0aa00000, 0x14a00000)
   the space 10944K,  45% used [0x09f50000, 0x0a4230b8, 0x0a423200, 0x0aa00000)
 Metaspace       used 8652K, capacity 8794K, committed 8960K, reserved 9600K
GC Heap History (10 events):
Event: 13.725 GC heap before
{Heap before GC invocations=270 (full 0):
 def new generation   total 4928K, used 4450K [0x04a00000, 0x04f50000, 0x09f50000)
  eden space 4416K, 100% used [0x04a00000, 0x04e50000, 0x04e50000)
  from space 512K,   6% used [0x04e50000, 0x04e58bf0, 0x04ed0000)
  to   space 512K,   0% used [0x04ed0000, 0x04ed0000, 0x04f50000)
 tenured generation   total 10944K, used 4939K [0x09f50000, 0x0aa00000, 0x14a00000)
   the space 10944K,  45% used [0x09f50000, 0x0a422c18, 0x0a422e00, 0x0aa00000)
 Metaspace       used 8652K, capacity 8794K, committed 8960K, reserved 9600K
Event: 13.726 GC heap after
Heap after GC invocations=271 (full 0):
 def new generation   total 4928K, used 34K [0x04a00000, 0x04f50000, 0x09f50000)
  eden space 4416K,   0% used [0x04a00000, 0x04a00000, 0x04e50000)
  from space 512K,   6% used [0x04ed0000, 0x04ed8818, 0x04f50000)
  to   space 512K,   0% used [0x04e50000, 0x04e50000, 0x04ed0000)
 tenured generation   total 10944K, used 4939K [0x09f50000, 0x0aa00000, 0x14a00000)
   the space 10944K,  45% used [0x09f50000, 0x0a422f78, 0x0a423000, 0x0aa00000)
 Metaspace       used 8652K, capacity 8794K, committed 8960K, reserved 9600K
}
Event: 13.759 GC heap before
{Heap before GC invocations=271 (full 0):
 def new generation   total 4928K, used 4450K [0x04a00000, 0x04f50000, 0x09f50000)
  eden space 4416K, 100% used [0x04a00000, 0x04e50000, 0x04e50000)
  from space 512K,   6% used [0x04ed0000, 0x04ed8818, 0x04f50000)
  to   space 512K,   0% used [0x04e50000, 0x04e50000, 0x04ed0000)
 tenured generation   total 10944K, used 4939K [0x09f50000, 0x0aa00000, 0x14a00000)
   the space 10944K,  45% used [0x09f50000, 0x0a422f78, 0x0a423000, 0x0aa00000)
 Metaspace       used 8652K, capacity 8794K, committed 8960K, reserved 9600K
Event: 13.760 GC heap after
Heap after GC invocations=272 (full 0):
 def new generation   total 4928K, used 34K [0x04a00000, 0x04f50000, 0x09f50000)
  eden space 4416K,   0% used [0x04a00000, 0x04a00000, 0x04e50000)
  from space 512K,   6% used [0x04e50000, 0x04e58958, 0x04ed0000)
  to   space 512K,   0% used [0x04ed0000, 0x04ed0000, 0x04f50000)
 tenured generation   total 10944K, used 4939K [0x09f50000, 0x0aa00000, 0x14a00000)
   the space 10944K,  45% used [0x09f50000, 0x0a422f78, 0x0a423000, 0x0aa00000)
 Metaspace       used 8652K, capacity 8794K, committed 8960K, reserved 9600K
}
Event: 13.793 GC heap before
{Heap before GC invocations=272 (full 0):
 def new generation   total 4928K, used 4450K [0x04a00000, 0x04f50000, 0x09f50000)
  eden space 4416K, 100% used [0x04a00000, 0x04e50000, 0x04e50000)
  from space 512K,   6% used [0x04e50000, 0x04e58958, 0x04ed0000)
  to   space 512K,   0% used [0x04ed0000, 0x04ed0000, 0x04f50000)
 tenured generation   total 10944K, used 4939K [0x09f50000, 0x0aa00000, 0x14a00000)
   the space 10944K,  45% used [0x09f50000, 0x0a422f78, 0x0a423000, 0x0aa00000)
 Metaspace       used 8652K, capacity 8794K, committed 8960K, reserved 9600K
Event: 13.794 GC heap after
Heap after GC invocations=273 (full 0):
 def new generation   total 4928K, used 34K [0x04a00000, 0x04f50000, 0x09f50000)
  eden space 4416K,   0% used [0x04a00000, 0x04a00000, 0x04e50000)
  from space 512K,   6% used [0x04ed0000, 0x04ed8938, 0x04f50000)
  to   space 512K,   0% used [0x04e50000, 0x04e50000, 0x04ed0000)
 tenured generation   total 10944K, used 4939K [0x09f50000, 0x0aa00000, 0x14a00000)
   the space 10944K,  45% used [0x09f50000, 0x0a422f78, 0x0a423000, 0x0aa00000)
 Metaspace       used 8652K, capacity 8794K, committed 8960K, reserved 9600K
}
Event: 13.826 GC heap before
{Heap before GC invocations=273 (full 0):
 def new generation   total 4928K, used 4450K [0x04a00000, 0x04f50000, 0x09f50000)
  eden space 4416K, 100% used [0x04a00000, 0x04e50000, 0x04e50000)
  from space 512K,   6% used [0x04ed0000, 0x04ed8938, 0x04f50000)
  to   space 512K,   0% used [0x04e50000, 0x04e50000, 0x04ed0000)
 tenured generation   total 10944K, used 4939K [0x09f50000, 0x0aa00000, 0x14a00000)
   the space 10944K,  45% used [0x09f50000, 0x0a422f78, 0x0a423000, 0x0aa00000)
 Metaspace       used 8652K, capacity 8794K, committed 8960K, reserved 9600K
Event: 13.827 GC heap after
Heap after GC invocations=274 (full 0):
 def new generation   total 4928K, used 34K [0x04a00000, 0x04f50000, 0x09f50000)
  eden space 4416K,   0% used [0x04a00000, 0x04a00000, 0x04e50000)
  from space 512K,   6% used [0x04e50000, 0x04e58a48, 0x04ed0000)
  to   space 512K,   0% used [0x04ed0000, 0x04ed0000, 0x04f50000)
 tenured generation   total 10944K, used 4939K [0x09f50000, 0x0aa00000, 0x14a00000)
   the space 10944K,  45% used [0x09f50000, 0x0a422fa8, 0x0a423000, 0x0aa00000)
 Metaspace       used 8652K, capacity 8794K, committed 8960K, reserved 9600K
}
Event: 13.860 GC heap before
{Heap before GC invocations=274 (full 0):
 def new generation   total 4928K, used 4450K [0x04a00000, 0x04f50000, 0x09f50000)
  eden space 4416K, 100% used [0x04a00000, 0x04e50000, 0x04e50000)
  from space 512K,   6% used [0x04e50000, 0x04e58a48, 0x04ed0000)
  to   space 512K,   0% used [0x04ed0000, 0x04ed0000, 0x04f50000)
 tenured generation   total 10944K, used 4939K [0x09f50000, 0x0aa00000, 0x14a00000)
   the space 10944K,  45% used [0x09f50000, 0x0a422fa8, 0x0a423000, 0x0aa00000)
 Metaspace       used 8652K, capacity 8794K, committed 8960K, reserved 9600K
Event: 13.861 GC heap after
Heap after GC invocations=275 (full 0):
 def new generation   total 4928K, used 34K [0x04a00000, 0x04f50000, 0x09f50000)
  eden space 4416K,   0% used [0x04a00000, 0x04a00000, 0x04e50000)
  from space 512K,   6% used [0x04ed0000, 0x04ed8938, 0x04f50000)
  to   space 512K,   0% used [0x04e50000, 0x04e50000, 0x04ed0000)
 tenured generation   total 10944K, used 4940K [0x09f50000, 0x0aa00000, 0x14a00000)
   the space 10944K,  45% used [0x09f50000, 0x0a4230b8, 0x0a423200, 0x0aa00000)
 Metaspace       used 8652K, capacity 8794K, committed 8960K, reserved 9600K
}

