# JRE version: Java(TM) SE Runtime Environment (8.0_112-b15) (build 1.8.0_112-b15)
# Java VM: Java HotSpot(TM) Client VM (25.112-b15 mixed mode, sharing windows-x86 )
Heap:
 def new generation   total 4928K, used 2704K [0x04600000, 0x04b50000, 0x09b50000)
  eden space 4416K,  54% used [0x04600000, 0x0485d3d0, 0x04a50000)
  from space 512K,  55% used [0x04ad0000, 0x04b16ce8, 0x04b50000)
  to   space 512K,   0% used [0x04a50000, 0x04a50000, 0x04ad0000)
 tenured generation   total 10944K, used 4740K [0x09b50000, 0x0a600000, 0x14600000)
   the space 10944K,  43% used [0x09b50000, 0x09ff1080, 0x09ff1200, 0x0a600000)
 Metaspace       used 4597K, capacity 6324K, committed 6400K, reserved 6528K
GC Heap History (10 events):
Event: 31.916 GC heap before
{Heap before GC invocations=10 (full 0):
 def new generation   total 4928K, used 4541K [0x04600000, 0x04b50000, 0x09b50000)
  eden space 4416K, 100% used [0x04600000, 0x04a50000, 0x04a50000)
  from space 512K,  24% used [0x04a50000, 0x04a6f558, 0x04ad0000)
  to   space 512K,   0% used [0x04ad0000, 0x04ad0000, 0x04b50000)
 tenured generation   total 10944K, used 4740K [0x09b50000, 0x0a600000, 0x14600000)
   the space 10944K,  43% used [0x09b50000, 0x09ff1080, 0x09ff1200, 0x0a600000)
 Metaspace       used 4597K, capacity 6324K, committed 6400K, reserved 6528K
Event: 31.921 GC heap after
Heap after GC invocations=11 (full 0):
 def new generation   total 4928K, used 247K [0x04600000, 0x04b50000, 0x09b50000)
  eden space 4416K,   0% used [0x04600000, 0x04600000, 0x04a50000)
  from space 512K,  48% used [0x04ad0000, 0x04b0dfe8, 0x04b50000)
  to   space 512K,   0% used [0x04a50000, 0x04a50000, 0x04ad0000)
 tenured generation   total 10944K, used 4740K [0x09b50000, 0x0a600000, 0x14600000)
   the space 10944K,  43% used [0x09b50000, 0x09ff1080, 0x09ff1200, 0x0a600000)
 Metaspace       used 4597K, capacity 6324K, committed 6400K, reserved 6528K
}
Event: 58.305 GC heap before
{Heap before GC invocations=11 (full 0):
 def new generation   total 4928K, used 4663K [0x04600000, 0x04b50000, 0x09b50000)
  eden space 4416K, 100% used [0x04600000, 0x04a50000, 0x04a50000)
  from space 512K,  48% used [0x04ad0000, 0x04b0dfe8, 0x04b50000)
  to   space 512K,   0% used [0x04a50000, 0x04a50000, 0x04ad0000)
 tenured generation   total 10944K, used 4740K [0x09b50000, 0x0a600000, 0x14600000)
   the space 10944K,  43% used [0x09b50000, 0x09ff1080, 0x09ff1200, 0x0a600000)
 Metaspace       used 4597K, capacity 6324K, committed 6400K, reserved 6528K
Event: 58.309 GC heap after
Heap after GC invocations=12 (full 0):
 def new generation   total 4928K, used 188K [0x04600000, 0x04b50000, 0x09b50000)
  eden space 4416K,   0% used [0x04600000, 0x04600000, 0x04a50000)
  from space 512K,  36% used [0x04a50000, 0x04a7f0f8, 0x04ad0000)
  to   space 512K,   0% used [0x04ad0000, 0x04ad0000, 0x04b50000)
 tenured generation   total 10944K, used 4740K [0x09b50000, 0x0a600000, 0x14600000)
   the space 10944K,  43% used [0x09b50000, 0x09ff1080, 0x09ff1200, 0x0a600000)
 Metaspace       used 4597K, capacity 6324K, committed 6400K, reserved 6528K
}
Event: 94.819 GC heap before
{Heap before GC invocations=12 (full 0):
 def new generation   total 4928K, used 4604K [0x04600000, 0x04b50000, 0x09b50000)
  eden space 4416K, 100% used [0x04600000, 0x04a50000, 0x04a50000)
  from space 512K,  36% used [0x04a50000, 0x04a7f0f8, 0x04ad0000)
  to   space 512K,   0% used [0x04ad0000, 0x04ad0000, 0x04b50000)
 tenured generation   total 10944K, used 4740K [0x09b50000, 0x0a600000, 0x14600000)
   the space 10944K,  43% used [0x09b50000, 0x09ff1080, 0x09ff1200, 0x0a600000)
 Metaspace       used 4597K, capacity 6324K, committed 6400K, reserved 6528K
Event: 94.823 GC heap after
Heap after GC invocations=13 (full 0):
 def new generation   total 4928K, used 230K [0x04600000, 0x04b50000, 0x09b50000)
  eden space 4416K,   0% used [0x04600000, 0x04600000, 0x04a50000)
  from space 512K,  45% used [0x04ad0000, 0x04b099a8, 0x04b50000)
  to   space 512K,   0% used [0x04a50000, 0x04a50000, 0x04ad0000)
 tenured generation   total 10944K, used 4740K [0x09b50000, 0x0a600000, 0x14600000)
   the space 10944K,  43% used [0x09b50000, 0x09ff1080, 0x09ff1200, 0x0a600000)
 Metaspace       used 4597K, capacity 6324K, committed 6400K, reserved 6528K
}
Event: 128.900 GC heap before
{Heap before GC invocations=13 (full 0):
 def new generation   total 4928K, used 4646K [0x04600000, 0x04b50000, 0x09b50000)
  eden space 4416K, 100% used [0x04600000, 0x04a50000, 0x04a50000)
  from space 512K,  45% used [0x04ad0000, 0x04b099a8, 0x04b50000)
  to   space 512K,   0% used [0x04a50000, 0x04a50000, 0x04ad0000)
 tenured generation   total 10944K, used 4740K [0x09b50000, 0x0a600000, 0x14600000)
   the space 10944K,  43% used [0x09b50000, 0x09ff1080, 0x09ff1200, 0x0a600000)
 Metaspace       used 4597K, capacity 6324K, committed 6400K, reserved 6528K
Event: 128.903 GC heap after
Heap after GC invocations=14 (full 0):
 def new generation   total 4928K, used 221K [0x04600000, 0x04b50000, 0x09b50000)
  eden space 4416K,   0% used [0x04600000, 0x04600000, 0x04a50000)
  from space 512K,  43% used [0x04a50000, 0x04a874a8, 0x04ad0000)
  to   space 512K,   0% used [0x04ad0000, 0x04ad0000, 0x04b50000)
 tenured generation   total 10944K, used 4740K [0x09b50000, 0x0a600000, 0x14600000)
   the space 10944K,  43% used [0x09b50000, 0x09ff1080, 0x09ff1200, 0x0a600000)
 Metaspace       used 4597K, capacity 6324K, committed 6400K, reserved 6528K
}
Event: 177.779 GC heap before
{Heap before GC invocations=14 (full 0):
 def new generation   total 4928K, used 4637K [0x04600000, 0x04b50000, 0x09b50000)
  eden space 4416K, 100% used [0x04600000, 0x04a50000, 0x04a50000)
  from space 512K,  43% used [0x04a50000, 0x04a874a8, 0x04ad0000)
  to   space 512K,   0% used [0x04ad0000, 0x04ad0000, 0x04b50000)
 tenured generation   total 10944K, used 4740K [0x09b50000, 0x0a600000, 0x14600000)
   the space 10944K,  43% used [0x09b50000, 0x09ff1080, 0x09ff1200, 0x0a600000)
 Metaspace       used 4597K, capacity 6324K, committed 6400K, reserved 6528K
Event: 177.783 GC heap after
Heap after GC invocations=15 (full 0):
 def new generation   total 4928K, used 283K [0x04600000, 0x04b50000, 0x09b50000)
  eden space 4416K,   0% used [0x04600000, 0x04600000, 0x04a50000)
  from space 512K,  55% used [0x04ad0000, 0x04b16ce8, 0x04b50000)
  to   space 512K,   0% used [0x04a50000, 0x04a50000, 0x04ad0000)
 tenured generation   total 10944K, used 4740K [0x09b50000, 0x0a600000, 0x14600000)
   the space 10944K,  43% used [0x09b50000, 0x09ff1080, 0x09ff1200, 0x0a600000)
 Metaspace       used 4597K, capacity 6324K, committed 6400K, reserved 6528K
}

